<?xml version="1.0" encoding="UTF-8"?>
<testng-results skipped="0" failed="0" total="1" passed="1">
  <reporter-output>
    <line>
      <![CDATA[Login Successful::OrangeHRM   OrangeHRM]]>
    </line>
  </reporter-output>
  <suite name="Default suite" duration-ms="84121" started-at="2021-04-25T17:35:16Z" finished-at="2021-04-25T17:36:40Z">
    <groups>
    </groups>
    <test name="Default test" duration-ms="84121" started-at="2021-04-25T17:35:16Z" finished-at="2021-04-25T17:36:40Z">
      <class name="mar2.PropertyFiles">
        <test-method status="PASS" signature="setup()[pri:0, instance:mar2.PropertyFiles@29774679]" name="setup" is-config="true" duration-ms="42453" started-at="2021-04-25T23:05:16Z" finished-at="2021-04-25T23:05:58Z">
          <reporter-output>
          </reporter-output>
        </test-method> <!-- setup -->
        <test-method status="PASS" signature="verifylogin()[pri:0, instance:mar2.PropertyFiles@29774679]" name="verifylogin" duration-ms="41489" started-at="2021-04-25T23:05:58Z" finished-at="2021-04-25T23:06:40Z">
          <reporter-output>
            <line>
              <![CDATA[Login Successful::OrangeHRM   OrangeHRM]]>
            </line>
          </reporter-output>
        </test-method> <!-- verifylogin -->
        <test-method status="PASS" signature="tearDown()[pri:0, instance:mar2.PropertyFiles@29774679]" name="tearDown" is-config="true" duration-ms="159" started-at="2021-04-25T23:06:40Z" finished-at="2021-04-25T23:06:40Z">
          <reporter-output>
          </reporter-output>
        </test-method> <!-- tearDown -->
      </class> <!-- mar2.PropertyFiles -->
    </test> <!-- Default test -->
  </suite> <!-- Default suite -->
</testng-results>
